<?xml version="1.0" encoding="UTF-8"?>
<!-- Generated by org.testng.reporters.JUnitReportReporter -->
<testsuite hostname="DESKTOP-LC07NHQ" failures="0" tests="1" name="testSrc.secondTest" time="0.010" errors="0" timestamp="2022-11-24T02:17:07 IST" skipped="0">
  <testcase classname="testSrc.secondTest" name="m3" time="0.010"/>
  <system-out/>
</testsuite> <!-- testSrc.secondTest -->
