<?xml version="1.0" encoding="UTF-8"?>
<!-- Generated by org.testng.reporters.JUnitReportReporter -->
<testsuite hostname="DESKTOP-LC07NHQ" failures="0" tests="1" name="test.Browser" time="3.870" errors="0" timestamp="2022-11-18T23:05:05 IST" skipped="0">
  <testcase classname="test.Browser" name="launchbrowser" time="3.870"/>
  <system-out/>
</testsuite> <!-- test.Browser -->
