<?xml version="1.0" encoding="UTF-8"?>
<!-- Generated by org.testng.reporters.JUnitReportReporter -->
<testsuite hostname="DESKTOP-LC07NHQ" failures="0" tests="3" name="testscripts.LoginTest" time="39.781" errors="0" timestamp="2022-11-24T22:54:44 IST" skipped="0">
  <testcase classname="testscripts.LoginTest" name="tc1" time="16.071"/>
  <system-out/>
  <testcase classname="testscripts.LoginTest" name="tc1" time="11.260"/>
  <system-out/>
  <testcase classname="testscripts.LoginTest" name="tc1_Negative" time="12.450"/>
  <system-out/>
</testsuite> <!-- testscripts.LoginTest -->
