<?xml version="1.0" encoding="UTF-8"?>
<!-- Generated by org.testng.reporters.JUnitReportReporter -->
<testsuite hostname="DESKTOP-LC07NHQ" failures="0" tests="1" name="testscripts.MissingLink" time="17.551" errors="0" timestamp="2022-11-25T01:30:16 IST" skipped="0">
  <testcase classname="testscripts.MissingLink" name="verifyMissingLink" time="17.551"/>
  <system-out/>
</testsuite> <!-- testscripts.MissingLink -->
