<?xml version="1.0" encoding="UTF-8"?>
<!-- Generated by org.testng.reporters.JUnitReportReporter -->
<testsuite hostname="DESKTOP-LC07NHQ" failures="0" tests="2" name="testSrc.FirstProgram" time="0.002" errors="0" timestamp="2022-11-24T16:20:24 IST" skipped="0">
  <testcase classname="testSrc.FirstProgram" name="testM2" time="0.001"/>
  <system-out/>
  <testcase classname="testSrc.FirstProgram" name="testM1" time="0.001"/>
  <system-out/>
</testsuite> <!-- testSrc.FirstProgram -->
