<?xml version="1.0" encoding="UTF-8"?>
<!-- Generated by org.testng.reporters.JUnitReportReporter -->
<testsuite hostname="DESKTOP-LC07NHQ" failures="0" tests="2" name="testscripts.FirstProgram" time="0.008" errors="0" timestamp="2022-11-24T18:36:50 IST" skipped="1">
  <testcase classname="testscripts.FirstProgram" name="testM1" time="0.008"/>
  <system-out/>
  <testcase classname="testscripts.FirstProgram" name="testM2">
    <skipped/>
  </testcase> <!-- testM2 -->
  <system-out/>
</testsuite> <!-- testscripts.FirstProgram -->
