<?xml version="1.0" encoding="UTF-8"?>
<!-- Generated by org.testng.reporters.JUnitReportReporter -->
<testsuite hostname="DESKTOP-LC07NHQ" failures="0" tests="1" name="testSrc.secondTestProgram" time="0.009" errors="0" timestamp="2022-11-24T16:20:24 IST" skipped="0">
  <testcase classname="testSrc.secondTestProgram" name="m3" time="0.009"/>
  <system-out/>
</testsuite> <!-- testSrc.secondTestProgram -->
